0 info it worked if it ends with ok
1 verbose cli [ 'C:\\Program Files\\nodejs\\node.exe',
1 verbose cli   'C:\\Users\\dveloso\\AppData\\Roaming\\npm\\node_modules\\npm\\bin\\npm-cli.js',
1 verbose cli   'start' ]
2 info using npm@4.0.2
3 info using node@v6.11.1
4 verbose run-script [ 'prestart', 'start', 'poststart' ]
5 info lifecycle react-mobx-todos@1.0.0~prestart: react-mobx-todos@1.0.0
6 silly lifecycle react-mobx-todos@1.0.0~prestart: no script for prestart, continuing
7 info lifecycle react-mobx-todos@1.0.0~start: react-mobx-todos@1.0.0
8 verbose lifecycle react-mobx-todos@1.0.0~start: unsafe-perm in lifecycle true
9 verbose lifecycle react-mobx-todos@1.0.0~start: PATH: C:\Users\dveloso\AppData\Roaming\npm\node_modules\npm\bin\node-gyp-bin;C:\Users\dveloso\Desktop\mobx\react-js-tutorials\6-mobx-react\node_modules\.bin;C:\ProgramData\Oracle\Java\javapath;C:\WINDOWS\system32;C:\WINDOWS;C:\WINDOWS\System32\Wbem;C:\WINDOWS\System32\WindowsPowerShell\v1.0\;C:\Program Files (x86)\Windows Kits\8.1\Windows Performance Toolkit\;C:\Program Files\Microsoft SQL Server\110\Tools\Binn\;C:\Program Files (x86)\Microsoft SDKs\TypeScript\1.0\;C:\Program Files\Microsoft SQL Server\120\Tools\Binn\;C:\Program Files\Microsoft SQL Server\Client SDK\ODBC\110\Tools\Binn\;C:\Program Files (x86)\Microsoft SQL Server\120\Tools\Binn\ManagementStudio\;C:\Program Files (x86)\Microsoft SQL Server\120\Tools\Binn\;C:\Program Files (x86)\Microsoft SQL Server\120\DTS\Binn\;C:\Program Files\Microsoft SQL Server\120\DTS\Binn\;C:\HashiCorp\Vagrant\bin;C:\Program Files\Microsoft SQL Server\130\Tools\Binn\;C:\Program Files\Microsoft DNX\Dnvm\;C:\Program Files\dotnet\;C:\Program Files\Git\cmd;C:\Program Files\nodejs\;C:\Users\dveloso\AppData\Local\Android\Sdk\platform-tools;C:\Program Files (x86)\Microsoft VS Code\bin;C:\Nuget;C:\Users\dveloso\AppData\Roaming\npm
10 verbose lifecycle react-mobx-todos@1.0.0~start: CWD: C:\Users\dveloso\Desktop\mobx\react-js-tutorials\6-mobx-react
11 silly lifecycle react-mobx-todos@1.0.0~start: Args: [ '/d /s /c',
11 silly lifecycle   'webpack-dev-server --content-base src --inline --hot' ]
12 silly lifecycle react-mobx-todos@1.0.0~start: Returned: code: 3221225786  signal: null
13 info lifecycle react-mobx-todos@1.0.0~start: Failed to exec start script
14 verbose stack Error: react-mobx-todos@1.0.0 start: `webpack-dev-server --content-base src --inline --hot`
14 verbose stack Exit status 3221225786
14 verbose stack     at EventEmitter.<anonymous> (C:\Users\dveloso\AppData\Roaming\npm\node_modules\npm\lib\utils\lifecycle.js:279:16)
14 verbose stack     at emitTwo (events.js:106:13)
14 verbose stack     at EventEmitter.emit (events.js:191:7)
14 verbose stack     at ChildProcess.<anonymous> (C:\Users\dveloso\AppData\Roaming\npm\node_modules\npm\lib\utils\spawn.js:40:14)
14 verbose stack     at emitTwo (events.js:106:13)
14 verbose stack     at ChildProcess.emit (events.js:191:7)
14 verbose stack     at maybeClose (internal/child_process.js:891:16)
14 verbose stack     at Process.ChildProcess._handle.onexit (internal/child_process.js:226:5)
15 verbose pkgid react-mobx-todos@1.0.0
16 verbose cwd C:\Users\dveloso\Desktop\mobx\react-js-tutorials\6-mobx-react
17 error Windows_NT 10.0.14393
18 error argv "C:\\Program Files\\nodejs\\node.exe" "C:\\Users\\dveloso\\AppData\\Roaming\\npm\\node_modules\\npm\\bin\\npm-cli.js" "start"
19 error node v6.11.1
20 error npm  v4.0.2
21 error code ELIFECYCLE
22 error react-mobx-todos@1.0.0 start: `webpack-dev-server --content-base src --inline --hot`
22 error Exit status 3221225786
23 error Failed at the react-mobx-todos@1.0.0 start script 'webpack-dev-server --content-base src --inline --hot'.
23 error Make sure you have the latest version of node.js and npm installed.
23 error If you do, this is most likely a problem with the react-mobx-todos package,
23 error not with npm itself.
23 error Tell the author that this fails on your system:
23 error     webpack-dev-server --content-base src --inline --hot
23 error You can get information on how to open an issue for this project with:
23 error     npm bugs react-mobx-todos
23 error Or if that isn't available, you can get their info via:
23 error     npm owner ls react-mobx-todos
23 error There is likely additional logging output above.
24 verbose exit [ 1, true ]
